[debug] [2021-11-30T10:42:08.750Z] ----------------------------------------------------------------------
[debug] [2021-11-30T10:42:08.756Z] Command:       /usr/local/Cellar/nvm/0.38.0/versions/node/v14.18.1/bin/node /usr/local/opt/nvm/versions/node/v14.18.1/bin/firebase init
[debug] [2021-11-30T10:42:08.757Z] CLI Version:   9.21.0
[debug] [2021-11-30T10:42:08.757Z] Platform:      darwin
[debug] [2021-11-30T10:42:08.758Z] Node Version:  v14.18.1
[debug] [2021-11-30T10:42:08.795Z] Time:          Tue Nov 30 2021 11:42:08 GMT+0100 (Central European Standard Time)
[debug] [2021-11-30T10:42:08.795Z] ----------------------------------------------------------------------
[debug] 
[debug] [2021-11-30T10:42:08.799Z] >>> [apiv2][query] GET https://firebase-public.firebaseio.com/cli.json [none]
[debug] [2021-11-30T10:42:08.855Z] > command requires scopes: ["email","openid","https://www.googleapis.com/auth/cloudplatformprojects.readonly","https://www.googleapis.com/auth/firebase","https://www.googleapis.com/auth/cloud-platform"]
[debug] [2021-11-30T10:42:08.856Z] > authorizing via signed-in user (badrhand@gmail.com)
[info] 
     ######## #### ########  ######## ########     ###     ######  ########
     ##        ##  ##     ## ##       ##     ##  ##   ##  ##       ##
     ######    ##  ########  ######   ########  #########  ######  ######
     ##        ##  ##    ##  ##       ##     ## ##     ##       ## ##
     ##       #### ##     ## ######## ########  ##     ##  ######  ########

You're about to initialize a Firebase project in this directory:

  /Users/badrkhouzima/Desktop/youtube_clone/youtube-app

[debug] [2021-11-30T10:42:09.364Z] <<< [apiv2][status] GET https://firebase-public.firebaseio.com/cli.json 200
[debug] [2021-11-30T10:42:09.365Z] <<< [apiv2][body] GET https://firebase-public.firebaseio.com/cli.json {"cloudBuildErrorAfter":1594252800000,"cloudBuildWarnAfter":1590019200000,"defaultNode10After":1594252800000,"minVersion":"3.0.5","node8DeploysDisabledAfter":1613390400000,"node8RuntimeDisabledAfter":1615809600000,"node8WarnAfter":1600128000000}
